2023-10-04 23:06:29.180 -03 [36160] ERROR:  could not serialize access due to concurrent update
2023-10-04 23:06:29.180 -03 [36160] STATEMENT:  
	            SELECT *
	            FROM ir_cron
	            WHERE active = true
	              AND numbercall != 0
	              AND (nextcall <= (now() at time zone 'UTC')
	                OR EXISTS (
	                    SELECT cron_id
	                    FROM ir_cron_trigger
	                    WHERE call_at <= (now() at time zone 'UTC')
	                      AND cron_id = ir_cron.id
	                )
	              )
	              AND id in (7)
	            ORDER BY priority
	            LIMIT 1 FOR NO KEY UPDATE SKIP LOCKED
	        
2023-10-04 23:06:29.198 -03 [40180] ERROR:  could not serialize access due to concurrent update
2023-10-04 23:06:29.198 -03 [40180] STATEMENT:  
	            SELECT *
	            FROM ir_cron
	            WHERE active = true
	              AND numbercall != 0
	              AND (nextcall <= (now() at time zone 'UTC')
	                OR EXISTS (
	                    SELECT cron_id
	                    FROM ir_cron_trigger
	                    WHERE call_at <= (now() at time zone 'UTC')
	                      AND cron_id = ir_cron.id
	                )
	              )
	              AND id in (19)
	            ORDER BY priority
	            LIMIT 1 FOR NO KEY UPDATE SKIP LOCKED
	        
